{"/Users/agiammarchi/git/flatted/cjs/index.js":{"path":"/Users/agiammarchi/git/flatted/cjs/index.js","s":{"1":1,"2":1,"3":8,"4":8,"5":8,"6":18,"7":52,"8":52,"9":18,"10":1,"11":1,"12":16,"13":60,"14":60,"15":28,"16":28,"17":13,"18":13,"19":15,"20":60,"21":1,"22":34,"23":34,"24":34,"25":1,"26":22,"27":1,"28":75,"29":1},"b":{"1":[3,5],"2":[8,4],"3":[28,32],"4":[13,15],"5":[28,20],"6":[6,16],"7":[31,44]},"f":{"1":1,"2":8,"3":18,"4":16,"5":60,"6":34,"7":22,"8":75},"fnMap":{"1":{"name":"(anonymous_1)","line":1,"loc":{"start":{"line":1,"column":15},"end":{"line":1,"column":33}}},"2":{"name":"parse","line":23,"loc":{"start":{"line":23,"column":11},"end":{"line":23,"column":32}}},"3":{"name":"stringify","line":30,"loc":{"start":{"line":30,"column":15},"end":{"line":30,"column":41}}},"4":{"name":"revive","line":59,"loc":{"start":{"line":59,"column":2},"end":{"line":59,"column":41}}},"5":{"name":"(anonymous_5)","line":61,"loc":{"start":{"line":61,"column":6},"end":{"line":61,"column":29}}},"6":{"name":"set","line":78,"loc":{"start":{"line":78,"column":2},"end":{"line":78,"column":36}}},"7":{"name":"strings","line":84,"loc":{"start":{"line":84,"column":2},"end":{"line":84,"column":26}}},"8":{"name":"Strings","line":88,"loc":{"start":{"line":88,"column":2},"end":{"line":88,"column":31}}}},"statementMap":{"1":{"start":{"line":1,"column":0},"end":{"line":92,"column":11}},"2":{"start":{"line":21,"column":2},"end":{"line":55,"column":4}},"3":{"start":{"line":24,"column":6},"end":{"line":24,"column":57}},"4":{"start":{"line":25,"column":6},"end":{"line":25,"column":27}},"5":{"start":{"line":26,"column":6},"end":{"line":27,"column":52}},"6":{"start":{"line":31,"column":6},"end":{"line":51,"column":7}},"7":{"start":{"line":49,"column":8},"end":{"line":49,"column":24}},"8":{"start":{"line":50,"column":8},"end":{"line":50,"column":54}},"9":{"start":{"line":52,"column":6},"end":{"line":52,"column":42}},"10":{"start":{"line":57,"column":2},"end":{"line":57,"column":17}},"11":{"start":{"line":59,"column":2},"end":{"line":76,"column":3}},"12":{"start":{"line":60,"column":4},"end":{"line":75,"column":6}},"13":{"start":{"line":62,"column":8},"end":{"line":62,"column":32}},"14":{"start":{"line":63,"column":8},"end":{"line":71,"column":9}},"15":{"start":{"line":64,"column":10},"end":{"line":64,"column":33}},"16":{"start":{"line":65,"column":10},"end":{"line":70,"column":11}},"17":{"start":{"line":66,"column":12},"end":{"line":66,"column":28}},"18":{"start":{"line":67,"column":12},"end":{"line":67,"column":53}},"19":{"start":{"line":69,"column":12},"end":{"line":69,"column":30}},"20":{"start":{"line":72,"column":8},"end":{"line":72,"column":22}},"21":{"start":{"line":78,"column":2},"end":{"line":82,"column":3}},"22":{"start":{"line":79,"column":4},"end":{"line":79,"column":46}},"23":{"start":{"line":80,"column":4},"end":{"line":80,"column":28}},"24":{"start":{"line":81,"column":4},"end":{"line":81,"column":17}},"25":{"start":{"line":84,"column":2},"end":{"line":86,"column":3}},"26":{"start":{"line":85,"column":4},"end":{"line":85,"column":59}},"27":{"start":{"line":88,"column":2},"end":{"line":90,"column":3}},"28":{"start":{"line":89,"column":4},"end":{"line":89,"column":65}},"29":{"start":{"line":93,"column":0},"end":{"line":93,"column":25}}},"branchMap":{"1":{"line":26,"type":"cond-expr","locations":[{"start":{"line":27,"column":14},"end":{"line":27,"column":43}},{"start":{"line":27,"column":46},"end":{"line":27,"column":51}}]},"2":{"line":26,"type":"binary-expr","locations":[{"start":{"line":26,"column":13},"end":{"line":26,"column":38}},{"start":{"line":26,"column":42},"end":{"line":26,"column":47}}]},"3":{"line":63,"type":"if","locations":[{"start":{"line":63,"column":8},"end":{"line":63,"column":8}},{"start":{"line":63,"column":8},"end":{"line":63,"column":8}}]},"4":{"line":65,"type":"if","locations":[{"start":{"line":65,"column":10},"end":{"line":65,"column":10}},{"start":{"line":65,"column":10},"end":{"line":65,"column":10}}]},"5":{"line":65,"type":"binary-expr","locations":[{"start":{"line":65,"column":14},"end":{"line":65,"column":37}},{"start":{"line":65,"column":41},"end":{"line":65,"column":57}}]},"6":{"line":85,"type":"cond-expr","locations":[{"start":{"line":85,"column":37},"end":{"line":85,"column":50}},{"start":{"line":85,"column":53},"end":{"line":85,"column":58}}]},"7":{"line":89,"type":"cond-expr","locations":[{"start":{"line":89,"column":39},"end":{"line":89,"column":56}},{"start":{"line":89,"column":59},"end":{"line":89,"column":64}}]}}}}