{"/Users/agiammarchi/git/flatted/cjs/index.js":{"path":"/Users/agiammarchi/git/flatted/cjs/index.js","s":{"1":1,"2":1,"3":10,"4":10,"5":10,"6":68,"7":10,"8":20,"9":56,"10":56,"11":20,"12":1,"13":1,"14":18,"15":63,"16":63,"17":30,"18":30,"19":14,"20":14,"21":16,"22":33,"23":63,"24":1,"25":56,"26":56,"27":56,"28":1,"29":26,"30":1,"31":84,"32":1},"b":{"1":[10,8],"2":[4,6],"3":[10,5],"4":[30,33],"5":[14,16],"6":[30,21],"7":[8,18],"8":[35,49]},"f":{"1":1,"2":10,"3":68,"4":20,"5":18,"6":63,"7":56,"8":26,"9":84},"fnMap":{"1":{"name":"(anonymous_1)","line":1,"loc":{"start":{"line":1,"column":15},"end":{"line":1,"column":47}}},"2":{"name":"parse","line":23,"loc":{"start":{"line":23,"column":11},"end":{"line":23,"column":41}}},"3":{"name":"(anonymous_3)","line":26,"loc":{"start":{"line":26,"column":25},"end":{"line":26,"column":41}}},"4":{"name":"stringify","line":35,"loc":{"start":{"line":35,"column":15},"end":{"line":35,"column":41}}},"5":{"name":"revive","line":64,"loc":{"start":{"line":64,"column":2},"end":{"line":64,"column":44}}},"6":{"name":"(anonymous_6)","line":66,"loc":{"start":{"line":66,"column":6},"end":{"line":66,"column":29}}},"7":{"name":"set","line":84,"loc":{"start":{"line":84,"column":2},"end":{"line":84,"column":36}}},"8":{"name":"primitives","line":94,"loc":{"start":{"line":94,"column":2},"end":{"line":94,"column":29}}},"9":{"name":"Primitives","line":98,"loc":{"start":{"line":98,"column":2},"end":{"line":98,"column":34}}}},"statementMap":{"1":{"start":{"line":1,"column":0},"end":{"line":102,"column":21}},"2":{"start":{"line":21,"column":2},"end":{"line":60,"column":4}},"3":{"start":{"line":24,"column":6},"end":{"line":24,"column":63}},"4":{"start":{"line":25,"column":6},"end":{"line":25,"column":27}},"5":{"start":{"line":26,"column":6},"end":{"line":26,"column":55}},"6":{"start":{"line":26,"column":43},"end":{"line":26,"column":52}},"7":{"start":{"line":27,"column":6},"end":{"line":32,"column":8}},"8":{"start":{"line":36,"column":6},"end":{"line":56,"column":7}},"9":{"start":{"line":54,"column":8},"end":{"line":54,"column":24}},"10":{"start":{"line":55,"column":8},"end":{"line":55,"column":54}},"11":{"start":{"line":57,"column":6},"end":{"line":57,"column":42}},"12":{"start":{"line":62,"column":2},"end":{"line":62,"column":17}},"13":{"start":{"line":64,"column":2},"end":{"line":82,"column":3}},"14":{"start":{"line":65,"column":4},"end":{"line":81,"column":6}},"15":{"start":{"line":67,"column":8},"end":{"line":67,"column":32}},"16":{"start":{"line":68,"column":8},"end":{"line":77,"column":38}},"17":{"start":{"line":69,"column":10},"end":{"line":69,"column":33}},"18":{"start":{"line":70,"column":10},"end":{"line":75,"column":11}},"19":{"start":{"line":71,"column":12},"end":{"line":71,"column":28}},"20":{"start":{"line":72,"column":12},"end":{"line":72,"column":64}},"21":{"start":{"line":74,"column":12},"end":{"line":74,"column":38}},"22":{"start":{"line":77,"column":10},"end":{"line":77,"column":38}},"23":{"start":{"line":78,"column":8},"end":{"line":78,"column":22}},"24":{"start":{"line":84,"column":2},"end":{"line":88,"column":3}},"25":{"start":{"line":85,"column":4},"end":{"line":85,"column":49}},"26":{"start":{"line":86,"column":4},"end":{"line":86,"column":28}},"27":{"start":{"line":87,"column":4},"end":{"line":87,"column":17}},"28":{"start":{"line":94,"column":2},"end":{"line":96,"column":3}},"29":{"start":{"line":95,"column":4},"end":{"line":95,"column":65}},"30":{"start":{"line":98,"column":2},"end":{"line":100,"column":3}},"31":{"start":{"line":99,"column":4},"end":{"line":99,"column":69}},"32":{"start":{"line":103,"column":0},"end":{"line":103,"column":25}}},"branchMap":{"1":{"line":26,"type":"binary-expr","locations":[{"start":{"line":26,"column":14},"end":{"line":26,"column":21}},{"start":{"line":26,"column":25},"end":{"line":26,"column":54}}]},"2":{"line":29,"type":"cond-expr","locations":[{"start":{"line":30,"column":10},"end":{"line":30,"column":42}},{"start":{"line":31,"column":10},"end":{"line":31,"column":15}}]},"3":{"line":29,"type":"binary-expr","locations":[{"start":{"line":29,"column":8},"end":{"line":29,"column":33}},{"start":{"line":29,"column":37},"end":{"line":29,"column":42}}]},"4":{"line":68,"type":"if","locations":[{"start":{"line":68,"column":8},"end":{"line":68,"column":8}},{"start":{"line":68,"column":8},"end":{"line":68,"column":8}}]},"5":{"line":70,"type":"if","locations":[{"start":{"line":70,"column":10},"end":{"line":70,"column":10}},{"start":{"line":70,"column":10},"end":{"line":70,"column":10}}]},"6":{"line":70,"type":"binary-expr","locations":[{"start":{"line":70,"column":14},"end":{"line":70,"column":37}},{"start":{"line":70,"column":41},"end":{"line":70,"column":57}}]},"7":{"line":95,"type":"cond-expr","locations":[{"start":{"line":95,"column":40},"end":{"line":95,"column":56}},{"start":{"line":95,"column":59},"end":{"line":95,"column":64}}]},"8":{"line":99,"type":"cond-expr","locations":[{"start":{"line":99,"column":40},"end":{"line":99,"column":60}},{"start":{"line":99,"column":63},"end":{"line":99,"column":68}}]}}}}