TN:
SF:/Users/agiammarchi/git/flatted/cjs/index.js
FN:1,(anonymous_1)
FN:23,parse
FN:35,stringify
FN:66,noop
FN:70,revive
FN:72,(anonymous_6)
FN:90,set
FN:100,primitives
FN:104,Primitives
FNF:9
FNH:9
FNDA:1,(anonymous_1)
FNDA:10,parse
FNDA:20,stringify
FNDA:210,noop
FNDA:18,revive
FNDA:63,(anonymous_6)
FNDA:56,set
FNDA:26,primitives
FNDA:84,Primitives
DA:1,1
DA:21,1
DA:24,10
DA:25,10
DA:26,10
DA:27,10
DA:36,20
DA:56,56
DA:57,56
DA:59,20
DA:64,1
DA:66,1
DA:67,210
DA:70,1
DA:71,18
DA:73,63
DA:74,63
DA:75,30
DA:76,30
DA:77,14
DA:78,14
DA:80,16
DA:83,33
DA:84,63
DA:90,1
DA:91,56
DA:92,56
DA:93,56
DA:100,1
DA:101,26
DA:104,1
DA:105,84
DA:109,1
LF:33
LH:33
BRDA:26,1,0,10
BRDA:26,1,1,8
BRDA:29,2,0,4
BRDA:29,2,1,6
BRDA:29,3,0,10
BRDA:29,3,1,5
BRDA:74,4,0,30
BRDA:74,4,1,33
BRDA:76,5,0,14
BRDA:76,5,1,16
BRDA:76,6,0,30
BRDA:76,6,1,21
BRDA:101,7,0,8
BRDA:101,7,1,18
BRDA:105,8,0,35
BRDA:105,8,1,49
BRF:16
BRH:16
end_of_record
