TN:
SF:/Users/agiammarchi/git/flatted/cjs/index.js
FN:1,(anonymous_1)
FN:23,parse
FN:26,(anonymous_3)
FN:35,stringify
FN:64,revive
FN:66,(anonymous_6)
FN:84,set
FN:94,primitives
FN:98,Primitives
FNF:9
FNH:9
FNDA:1,(anonymous_1)
FNDA:10,parse
FNDA:68,(anonymous_3)
FNDA:20,stringify
FNDA:18,revive
FNDA:63,(anonymous_6)
FNDA:56,set
FNDA:26,primitives
FNDA:84,Primitives
DA:1,1
DA:21,1
DA:24,10
DA:25,10
DA:26,68
DA:27,10
DA:36,20
DA:54,56
DA:55,56
DA:57,20
DA:62,1
DA:64,1
DA:65,18
DA:67,63
DA:68,63
DA:69,30
DA:70,30
DA:71,14
DA:72,14
DA:74,16
DA:77,33
DA:78,63
DA:84,1
DA:85,56
DA:86,56
DA:87,56
DA:94,1
DA:95,26
DA:98,1
DA:99,84
DA:103,1
LF:31
LH:31
BRDA:26,1,0,10
BRDA:26,1,1,8
BRDA:29,2,0,4
BRDA:29,2,1,6
BRDA:29,3,0,10
BRDA:29,3,1,5
BRDA:68,4,0,30
BRDA:68,4,1,33
BRDA:70,5,0,14
BRDA:70,5,1,16
BRDA:70,6,0,30
BRDA:70,6,1,21
BRDA:95,7,0,8
BRDA:95,7,1,18
BRDA:99,8,0,35
BRDA:99,8,1,49
BRF:16
BRH:16
end_of_record
